<?xml version="1.0" encoding="UTF-8"?>
<testsuite xmlns:xsi="http://www.w3.org/2001/XMLSchema-instance" xsi:noNamespaceSchemaLocation="https://maven.apache.org/surefire/maven-surefire-plugin/xsd/surefire-test-report.xsd" name="com.cengage.testRunner.TestRunner" time="35.087" tests="150" errors="0" skipped="0" failures="0">
  <properties>
[...]
</properties>
  <testcase name="When We Launch CSG Services" classname="Scenario: Validate CSG EndPoints" time="0"/>
  <testcase name="When We Launch CSG Services" classname="Scenario: Validate CSG EndPoints" time="0"/>
  <testcase name="When We Launch CSG Services" classname="Scenario: Validate CSG EndPoints" time="0"/>
  <testcase name="When We Launch CSG Services" classname="Scenario: Validate CSG EndPoints" time="0"/>
  <testcase name="When We Launch CSG Services" classname="Scenario: Validate CSG EndPoints" time="0"/>
  <testcase name="When We Launch CSG Services" classname="Scenario: Validate CSG EndPoints" time="0"/>
  <testcase name="When We Launch CSG Services" classname="Scenario: Validate CSG EndPoints" time="0"/>
  <testcase name="When We Launch CSG Services" classname="Scenario: Validate CSG EndPoints" time="0"/>
  <testcase name="When We Launch CSG Services" classname="Scenario: Validate CSG EndPoints" time="0"/>
  <testcase name="When We Launch CSG Services" classname="Scenario: Validate CSG EndPoints" time="0"/>
  <testcase name="Then Validate mls Endpoint Address" classname="Scenario: Validate CSG EndPoints" time="0"/>
  <testcase name="Then Validate mls Endpoint Address" classname="Scenario: Validate CSG EndPoints" time="0"/>
  <testcase name="Then Validate mls Endpoint Address" classname="Scenario: Validate CSG EndPoints" time="0"/>
  <testcase name="Then Validate mls Endpoint Address" classname="Scenario: Validate CSG EndPoints" time="0"/>
  <testcase name="Then Validate mls Endpoint Address" classname="Scenario: Validate CSG EndPoints" time="0"/>
  <testcase name="Then Validate mls Endpoint Address" classname="Scenario: Validate CSG EndPoints" time="0"/>
  <testcase name="Then Validate mls Endpoint Address" classname="Scenario: Validate CSG EndPoints" time="0"/>
  <testcase name="Then Validate mls Endpoint Address" classname="Scenario: Validate CSG EndPoints" time="0"/>
  <testcase name="Then Validate mls Endpoint Address" classname="Scenario: Validate CSG EndPoints" time="0"/>
  <testcase name="Then Validate mls Endpoint Address" classname="Scenario: Validate CSG EndPoints" time="0"/>
  <testcase name="And Validate metadata Endpoint Address" classname="Scenario: Validate CSG EndPoints" time="0"/>
  <testcase name="And Validate metadata Endpoint Address" classname="Scenario: Validate CSG EndPoints" time="0"/>
  <testcase name="And Validate metadata Endpoint Address" classname="Scenario: Validate CSG EndPoints" time="0"/>
  <testcase name="And Validate metadata Endpoint Address" classname="Scenario: Validate CSG EndPoints" time="0"/>
  <testcase name="And Validate metadata Endpoint Address" classname="Scenario: Validate CSG EndPoints" time="0"/>
  <testcase name="And Validate metadata Endpoint Address" classname="Scenario: Validate CSG EndPoints" time="0"/>
  <testcase name="And Validate metadata Endpoint Address" classname="Scenario: Validate CSG EndPoints" time="0"/>
  <testcase name="And Validate metadata Endpoint Address" classname="Scenario: Validate CSG EndPoints" time="0"/>
  <testcase name="And Validate metadata Endpoint Address" classname="Scenario: Validate CSG EndPoints" time="0"/>
  <testcase name="And Validate metadata Endpoint Address" classname="Scenario: Validate CSG EndPoints" time="0"/>
  <testcase name="And Validate geyser Endpoint Address" classname="Scenario: Validate CSG EndPoints" time="0"/>
  <testcase name="And Validate geyser Endpoint Address" classname="Scenario: Validate CSG EndPoints" time="0.001"/>
  <testcase name="And Validate geyser Endpoint Address" classname="Scenario: Validate CSG EndPoints" time="0"/>
  <testcase name="And Validate geyser Endpoint Address" classname="Scenario: Validate CSG EndPoints" time="0"/>
  <testcase name="And Validate geyser Endpoint Address" classname="Scenario: Validate CSG EndPoints" time="0"/>
  <testcase name="And Validate geyser Endpoint Address" classname="Scenario: Validate CSG EndPoints" time="0"/>
  <testcase name="And Validate geyser Endpoint Address" classname="Scenario: Validate CSG EndPoints" time="0"/>
  <testcase name="And Validate geyser Endpoint Address" classname="Scenario: Validate CSG EndPoints" time="0"/>
  <testcase name="And Validate geyser Endpoint Address" classname="Scenario: Validate CSG EndPoints" time="0"/>
  <testcase name="And Validate geyser Endpoint Address" classname="Scenario: Validate CSG EndPoints" time="0"/>
  <testcase name="And Validate CSGtools Endpoint Address" classname="Scenario: Validate CSG EndPoints" time="0"/>
  <testcase name="And Validate CSGtools Endpoint Address" classname="Scenario: Validate CSG EndPoints" time="0"/>
  <testcase name="And Validate CSGtools Endpoint Address" classname="Scenario: Validate CSG EndPoints" time="0"/>
  <testcase name="And Validate CSGtools Endpoint Address" classname="Scenario: Validate CSG EndPoints" time="0"/>
  <testcase name="And Validate CSGtools Endpoint Address" classname="Scenario: Validate CSG EndPoints" time="0"/>
  <testcase name="And Validate CSGtools Endpoint Address" classname="Scenario: Validate CSG EndPoints" time="0"/>
  <testcase name="And Validate CSGtools Endpoint Address" classname="Scenario: Validate CSG EndPoints" time="0"/>
  <testcase name="And Validate CSGtools Endpoint Address" classname="Scenario: Validate CSG EndPoints" time="0"/>
  <testcase name="And Validate CSGtools Endpoint Address" classname="Scenario: Validate CSG EndPoints" time="0"/>
  <testcase name="And Validate CSGtools Endpoint Address" classname="Scenario: Validate CSG EndPoints" time="0"/>
  <testcase name="And Validate cgiregistry Endpoint Address" classname="Scenario: Validate CSG EndPoints" time="0"/>
  <testcase name="And Validate cgiregistry Endpoint Address" classname="Scenario: Validate CSG EndPoints" time="0"/>
  <testcase name="And Validate cgiregistry Endpoint Address" classname="Scenario: Validate CSG EndPoints" time="0"/>
  <testcase name="And Validate cgiregistry Endpoint Address" classname="Scenario: Validate CSG EndPoints" time="0"/>
  <testcase name="And Validate cgiregistry Endpoint Address" classname="Scenario: Validate CSG EndPoints" time="0"/>
  <testcase name="And Validate cgiregistry Endpoint Address" classname="Scenario: Validate CSG EndPoints" time="0"/>
  <testcase name="And Validate cgiregistry Endpoint Address" classname="Scenario: Validate CSG EndPoints" time="0"/>
  <testcase name="And Validate cgiregistry Endpoint Address" classname="Scenario: Validate CSG EndPoints" time="0"/>
  <testcase name="And Validate cgiregistry Endpoint Address" classname="Scenario: Validate CSG EndPoints" time="0"/>
  <testcase name="And Validate cgiregistry Endpoint Address" classname="Scenario: Validate CSG EndPoints" time="0"/>
  <testcase name="And Validate ulr Endpoint Address" classname="Scenario: Validate CSG EndPoints" time="0"/>
  <testcase name="And Validate ulr Endpoint Address" classname="Scenario: Validate CSG EndPoints" time="0"/>
  <testcase name="And Validate ulr Endpoint Address" classname="Scenario: Validate CSG EndPoints" time="0"/>
  <testcase name="And Validate ulr Endpoint Address" classname="Scenario: Validate CSG EndPoints" time="0"/>
  <testcase name="And Validate ulr Endpoint Address" classname="Scenario: Validate CSG EndPoints" time="0"/>
  <testcase name="And Validate ulr Endpoint Address" classname="Scenario: Validate CSG EndPoints" time="0"/>
  <testcase name="And Validate ulr Endpoint Address" classname="Scenario: Validate CSG EndPoints" time="0"/>
  <testcase name="And Validate ulr Endpoint Address" classname="Scenario: Validate CSG EndPoints" time="0"/>
  <testcase name="And Validate ulr Endpoint Address" classname="Scenario: Validate CSG EndPoints" time="0"/>
  <testcase name="And Validate ulr Endpoint Address" classname="Scenario: Validate CSG EndPoints" time="0"/>
  <testcase name="And Validate csg Endpoint Address" classname="Scenario: Validate CSG EndPoints" time="0"/>
  <testcase name="And Validate csg Endpoint Address" classname="Scenario: Validate CSG EndPoints" time="0"/>
  <testcase name="And Validate csg Endpoint Address" classname="Scenario: Validate CSG EndPoints" time="0"/>
  <testcase name="And Validate csg Endpoint Address" classname="Scenario: Validate CSG EndPoints" time="0"/>
  <testcase name="And Validate csg Endpoint Address" classname="Scenario: Validate CSG EndPoints" time="0"/>
  <testcase name="And Validate csg Endpoint Address" classname="Scenario: Validate CSG EndPoints" time="0"/>
  <testcase name="And Validate csg Endpoint Address" classname="Scenario: Validate CSG EndPoints" time="0"/>
  <testcase name="And Validate csg Endpoint Address" classname="Scenario: Validate CSG EndPoints" time="0"/>
  <testcase name="And Validate csg Endpoint Address" classname="Scenario: Validate CSG EndPoints" time="0"/>
  <testcase name="And Validate csg Endpoint Address" classname="Scenario: Validate CSG EndPoints" time="0"/>
  <testcase name="And Validate mds Endpoint Address" classname="Scenario: Validate CSG EndPoints" time="0.001"/>
  <testcase name="And Validate mds Endpoint Address" classname="Scenario: Validate CSG EndPoints" time="0"/>
  <testcase name="And Validate mds Endpoint Address" classname="Scenario: Validate CSG EndPoints" time="0"/>
  <testcase name="And Validate mds Endpoint Address" classname="Scenario: Validate CSG EndPoints" time="0"/>
  <testcase name="And Validate mds Endpoint Address" classname="Scenario: Validate CSG EndPoints" time="0"/>
  <testcase name="And Validate mds Endpoint Address" classname="Scenario: Validate CSG EndPoints" time="0"/>
  <testcase name="And Validate mds Endpoint Address" classname="Scenario: Validate CSG EndPoints" time="0"/>
  <testcase name="And Validate mds Endpoint Address" classname="Scenario: Validate CSG EndPoints" time="0"/>
  <testcase name="And Validate mds Endpoint Address" classname="Scenario: Validate CSG EndPoints" time="0"/>
  <testcase name="And Validate mds Endpoint Address" classname="Scenario: Validate CSG EndPoints" time="0"/>
  <testcase name="Scenario: Validate CSG EndPoints" classname="Scenario: Validate CSG EndPoints" time="0.001"/>
  <testcase name="Scenario: Validate CSG EndPoints" classname="Scenario: Validate CSG EndPoints" time="0"/>
  <testcase name="Scenario: Validate CSG EndPoints" classname="Scenario: Validate CSG EndPoints" time="0"/>
  <testcase name="Scenario: Validate CSG EndPoints" classname="Scenario: Validate CSG EndPoints" time="0"/>
  <testcase name="Scenario: Validate CSG EndPoints" classname="Scenario: Validate CSG EndPoints" time="0"/>
  <testcase name="Scenario: Validate CSG EndPoints" classname="Scenario: Validate CSG EndPoints" time="0"/>
  <testcase name="Scenario: Validate CSG EndPoints" classname="Scenario: Validate CSG EndPoints" time="0"/>
  <testcase name="Scenario: Validate CSG EndPoints" classname="Scenario: Validate CSG EndPoints" time="0"/>
  <testcase name="Scenario: Validate CSG EndPoints" classname="Scenario: Validate CSG EndPoints" time="0"/>
  <testcase name="Scenario: Validate CSG EndPoints" classname="Scenario: Validate CSG EndPoints" time="0"/>
  <testcase name="When We Launch wms Services" classname="Scenario: Validate wms EndPoints" time="0"/>
  <testcase name="When We Launch wms Services" classname="Scenario: Validate wms EndPoints" time="0"/>
  <testcase name="When We Launch wms Services" classname="Scenario: Validate wms EndPoints" time="0"/>
  <testcase name="When We Launch wms Services" classname="Scenario: Validate wms EndPoints" time="0"/>
  <testcase name="When We Launch wms Services" classname="Scenario: Validate wms EndPoints" time="0"/>
  <testcase name="When We Launch wms Services" classname="Scenario: Validate wms EndPoints" time="0"/>
  <testcase name="When We Launch wms Services" classname="Scenario: Validate wms EndPoints" time="0"/>
  <testcase name="When We Launch wms Services" classname="Scenario: Validate wms EndPoints" time="0"/>
  <testcase name="When We Launch wms Services" classname="Scenario: Validate wms EndPoints" time="0"/>
  <testcase name="When We Launch wms Services" classname="Scenario: Validate wms EndPoints" time="0"/>
  <testcase name="Then Validate wms-tools Endpoint Address" classname="Scenario: Validate wms EndPoints" time="0"/>
  <testcase name="Then Validate wms-tools Endpoint Address" classname="Scenario: Validate wms EndPoints" time="0"/>
  <testcase name="Then Validate wms-tools Endpoint Address" classname="Scenario: Validate wms EndPoints" time="0"/>
  <testcase name="Then Validate wms-tools Endpoint Address" classname="Scenario: Validate wms EndPoints" time="0"/>
  <testcase name="Then Validate wms-tools Endpoint Address" classname="Scenario: Validate wms EndPoints" time="0"/>
  <testcase name="Then Validate wms-tools Endpoint Address" classname="Scenario: Validate wms EndPoints" time="0"/>
  <testcase name="Then Validate wms-tools Endpoint Address" classname="Scenario: Validate wms EndPoints" time="0"/>
  <testcase name="Then Validate wms-tools Endpoint Address" classname="Scenario: Validate wms EndPoints" time="0"/>
  <testcase name="Then Validate wms-tools Endpoint Address" classname="Scenario: Validate wms EndPoints" time="0"/>
  <testcase name="Then Validate wms-tools Endpoint Address" classname="Scenario: Validate wms EndPoints" time="0"/>
  <testcase name="And Validate wms Endpoint Address" classname="Scenario: Validate wms EndPoints" time="0"/>
  <testcase name="And Validate wms Endpoint Address" classname="Scenario: Validate wms EndPoints" time="0"/>
  <testcase name="And Validate wms Endpoint Address" classname="Scenario: Validate wms EndPoints" time="0"/>
  <testcase name="And Validate wms Endpoint Address" classname="Scenario: Validate wms EndPoints" time="0"/>
  <testcase name="And Validate wms Endpoint Address" classname="Scenario: Validate wms EndPoints" time="0"/>
  <testcase name="And Validate wms Endpoint Address" classname="Scenario: Validate wms EndPoints" time="0"/>
  <testcase name="And Validate wms Endpoint Address" classname="Scenario: Validate wms EndPoints" time="0"/>
  <testcase name="And Validate wms Endpoint Address" classname="Scenario: Validate wms EndPoints" time="0"/>
  <testcase name="And Validate wms Endpoint Address" classname="Scenario: Validate wms EndPoints" time="0"/>
  <testcase name="And Validate wms Endpoint Address" classname="Scenario: Validate wms EndPoints" time="0"/>
  <testcase name="And Validate ws Endpoint Address" classname="Scenario: Validate wms EndPoints" time="0"/>
  <testcase name="And Validate ws Endpoint Address" classname="Scenario: Validate wms EndPoints" time="0"/>
  <testcase name="And Validate ws Endpoint Address" classname="Scenario: Validate wms EndPoints" time="0"/>
  <testcase name="And Validate ws Endpoint Address" classname="Scenario: Validate wms EndPoints" time="0"/>
  <testcase name="And Validate ws Endpoint Address" classname="Scenario: Validate wms EndPoints" time="0"/>
  <testcase name="And Validate ws Endpoint Address" classname="Scenario: Validate wms EndPoints" time="0"/>
  <testcase name="And Validate ws Endpoint Address" classname="Scenario: Validate wms EndPoints" time="0"/>
  <testcase name="And Validate ws Endpoint Address" classname="Scenario: Validate wms EndPoints" time="0"/>
  <testcase name="And Validate ws Endpoint Address" classname="Scenario: Validate wms EndPoints" time="0"/>
  <testcase name="And Validate ws Endpoint Address" classname="Scenario: Validate wms EndPoints" time="0"/>
  <testcase name="Scenario: Validate wms EndPoints" classname="Scenario: Validate wms EndPoints" time="0"/>
  <testcase name="Scenario: Validate wms EndPoints" classname="Scenario: Validate wms EndPoints" time="0"/>
  <testcase name="Scenario: Validate wms EndPoints" classname="Scenario: Validate wms EndPoints" time="0"/>
  <testcase name="Scenario: Validate wms EndPoints" classname="Scenario: Validate wms EndPoints" time="0"/>
  <testcase name="Scenario: Validate wms EndPoints" classname="Scenario: Validate wms EndPoints" time="0"/>
  <testcase name="Scenario: Validate wms EndPoints" classname="Scenario: Validate wms EndPoints" time="0"/>
  <testcase name="Scenario: Validate wms EndPoints" classname="Scenario: Validate wms EndPoints" time="0"/>
  <testcase name="Scenario: Validate wms EndPoints" classname="Scenario: Validate wms EndPoints" time="0"/>
  <testcase name="Scenario: Validate wms EndPoints" classname="Scenario: Validate wms EndPoints" time="0"/>
  <testcase name="Scenario: Validate wms EndPoints" classname="Scenario: Validate wms EndPoints" time="0"/>
</testsuite>